<?xml version="1.0" encoding="UTF-8"?>
<!-- Generated by org.testng.reporters.JUnitReportReporter -->
<testsuite skipped="0" hostname="KiLLeR-PC" name="org.testNgEx1.AnnotationsEx1" tests="2" failures="0" timestamp="13 May 2022 03:25:00 GMT" time="0.058" errors="0">
  <testcase name="test2" time="0.010" classname="org.testNgEx1.AnnotationsEx1"/>
  <testcase name="test1" time="0.048" classname="org.testNgEx1.AnnotationsEx1"/>
</testsuite> <!-- org.testNgEx1.AnnotationsEx1 -->
