<?xml version="1.0" encoding="UTF-8"?>
<!-- Generated by org.testng.reporters.JUnitReportReporter -->
<testsuite skipped="0" hostname="KiLLeR-PC" name="org.testNgEx1.LoginActitimeEx" tests="3" failures="0" timestamp="13 May 2022 03:02:08 GMT" time="80.944" errors="0">
  <testcase name="openBrowser" time="41.295" classname="org.testNgEx1.LoginActitimeEx"/>
  <testcase name="doLogin" time="37.541" classname="org.testNgEx1.LoginActitimeEx"/>
  <testcase name="doLogout" time="2.108" classname="org.testNgEx1.LoginActitimeEx"/>
</testsuite> <!-- org.testNgEx1.LoginActitimeEx -->
