<?xml version="1.0" encoding="UTF-8"?>
<!-- Generated by org.testng.reporters.JUnitReportReporter -->
<testsuite skipped="0" hostname="KiLLeR-PC" name="org.testNgEx1.Ex1" tests="2" failures="0" timestamp="13 May 2022 02:33:11 GMT" time="0.053" errors="0">
  <testcase name="testMethod3" time="0.007" classname="org.testNgEx1.Ex1"/>
  <testcase name="testMethod1" time="0.046" classname="org.testNgEx1.Ex1"/>
</testsuite> <!-- org.testNgEx1.Ex1 -->
