<?xml version="1.0" encoding="UTF-8"?>
<!-- Generated by org.testng.reporters.JUnitReportReporter -->
<testsuite skipped="0" hostname="KiLLeR-PC" name="org.testNgEx2.CustParaEx1" tests="3" failures="0" timestamp="14 May 2022 04:46:47 GMT" time="0.096" errors="0">
  <testcase name="deleteCustomer" time="0.005" classname="org.testNgEx2.CustParaEx1"/>
  <testcase name="updateCustomer" time="0.014" classname="org.testNgEx2.CustParaEx1"/>
  <testcase name="createCustomer" time="0.077" classname="org.testNgEx2.CustParaEx1"/>
</testsuite> <!-- org.testNgEx2.CustParaEx1 -->
