<?xml version="1.0" encoding="UTF-8"?>
<!-- Generated by org.testng.reporters.JUnitReportReporter -->
<testsuite skipped="0" hostname="KiLLeR-PC" name="org.testNgEx3.InvocationCountEx" tests="3" failures="0" timestamp="14 May 2022 02:34:52 GMT" time="69.357" errors="0">
  <testcase name="login" time="26.430" classname="org.testNgEx3.InvocationCountEx"/>
  <testcase name="login" time="27.531" classname="org.testNgEx3.InvocationCountEx"/>
  <testcase name="login" time="15.396" classname="org.testNgEx3.InvocationCountEx"/>
</testsuite> <!-- org.testNgEx3.InvocationCountEx -->
