<?xml version="1.0" encoding="UTF-8"?>
<!-- Generated by org.testng.reporters.JUnitReportReporter -->
<testsuite skipped="0" hostname="KiLLeR-PC" name="org.testNgEx2.CustomerManager2" tests="3" failures="0" timestamp="14 May 2022 02:21:38 GMT" time="0.021" errors="0">
  <testcase name="createCustomer" time="0.004" classname="org.testNgEx2.CustomerManager2"/>
  <testcase name="deleteCustomer" time="0.005" classname="org.testNgEx2.CustomerManager2"/>
  <testcase name="updateCustomer" time="0.012" classname="org.testNgEx2.CustomerManager2"/>
</testsuite> <!-- org.testNgEx2.CustomerManager2 -->
