<?xml version="1.0" encoding="UTF-8"?>
<!-- Generated by org.testng.reporters.JUnitReportReporter -->
<testsuite skipped="0" hostname="KiLLeR-PC" name="org.testNgEx1.PriorityEx1" tests="8" failures="0" timestamp="13 May 2022 02:43:12 GMT" time="0.091" errors="0">
  <testcase name="login" time="0.041" classname="org.testNgEx1.PriorityEx1"/>
  <testcase name="createCust" time="0.006" classname="org.testNgEx1.PriorityEx1"/>
  <testcase name="updateCust" time="0.008" classname="org.testNgEx1.PriorityEx1"/>
  <testcase name="deleteCust" time="0.006" classname="org.testNgEx1.PriorityEx1"/>
  <testcase name="CreateCust" time="0.012" classname="org.testNgEx1.PriorityEx1"/>
  <testcase name="UpdateeCust" time="0.007" classname="org.testNgEx1.PriorityEx1"/>
  <testcase name="DeleteCust" time="0.005" classname="org.testNgEx1.PriorityEx1"/>
  <testcase name="logout" time="0.006" classname="org.testNgEx1.PriorityEx1"/>
</testsuite> <!-- org.testNgEx1.PriorityEx1 -->
