<?xml version="1.0" encoding="UTF-8"?>
<!-- Generated by org.testng.reporters.JUnitReportReporter -->
<testsuite skipped="1" hostname="KiLLeR-PC" name="org.testNgEx3.EnabledEx" tests="5" failures="0" timestamp="14 May 2022 03:45:56 GMT" time="0.113" errors="0">
  <testcase name="login" time="0.061" classname="org.testNgEx3.EnabledEx"/>
  <testcase name="createCust" time="0.013" classname="org.testNgEx3.EnabledEx"/>
  <testcase name="updateCust" time="0.017" classname="org.testNgEx3.EnabledEx"/>
  <testcase name="logout" time="0.022" classname="org.testNgEx3.EnabledEx"/>
  <testcase name="deleteCust" classname="org.testNgEx3.EnabledEx">
    <skipped/>
  </testcase> <!-- deleteCust -->
</testsuite> <!-- org.testNgEx3.EnabledEx -->
