<?xml version="1.0" encoding="UTF-8"?>
<!-- Generated by org.testng.reporters.JUnitReportReporter -->
<testsuite skipped="0" hostname="KiLLeR-PC" name="org.testNgEx3.ParametersEx1" tests="1" failures="0" timestamp="14 May 2022 03:22:41 GMT" time="33.963" errors="0">
  <testcase name="loginMethod" time="33.963" classname="org.testNgEx3.ParametersEx1"/>
</testsuite> <!-- org.testNgEx3.ParametersEx1 -->
