<?xml version="1.0" encoding="UTF-8"?>
<!-- Generated by org.testng.reporters.JUnitReportReporter -->
<testsuite skipped="0" hostname="KiLLeR-PC" name="org.pomTestCases.LoginTestCase" tests="2" failures="0" timestamp="21 May 2022 03:51:34 GMT" time="27.290" errors="0">
  <testcase name="verifyLoginPage" time="9.545" classname="org.pomTestCases.LoginTestCase"/>
  <testcase name="login" time="17.745" classname="org.pomTestCases.LoginTestCase"/>
</testsuite> <!-- org.pomTestCases.LoginTestCase -->
