<?xml version="1.0" encoding="UTF-8"?>
<!-- Generated by org.testng.reporters.JUnitReportReporter -->
<testsuite skipped="0" hostname="KiLLeR-PC" name="org.testNgEx2.AccParaEx1" tests="3" failures="0" timestamp="14 May 2022 04:46:47 GMT" time="0.091" errors="0">
  <testcase name="updateAccount" time="0.008" classname="org.testNgEx2.AccParaEx1"/>
  <testcase name="createAccount" time="0.077" classname="org.testNgEx2.AccParaEx1"/>
  <testcase name="deleteAccount" time="0.006" classname="org.testNgEx2.AccParaEx1"/>
</testsuite> <!-- org.testNgEx2.AccParaEx1 -->
