<?xml version="1.0" encoding="UTF-8"?>
<!-- Generated by org.testng.reporters.JUnitReportReporter -->
<testsuite skipped="0" hostname="KiLLeR-PC" name="org.testNgEx1.PriorityEx2" tests="8" failures="0" timestamp="13 May 2022 02:49:57 GMT" time="0.146" errors="0">
  <testcase name="login" time="0.094" classname="org.testNgEx1.PriorityEx2"/>
  <testcase name="updateCust" time="0.009" classname="org.testNgEx1.PriorityEx2"/>
  <testcase name="CreateCust" time="0.009" classname="org.testNgEx1.PriorityEx2"/>
  <testcase name="createCust" time="0.009" classname="org.testNgEx1.PriorityEx2"/>
  <testcase name="UpdateCust" time="0.004" classname="org.testNgEx1.PriorityEx2"/>
  <testcase name="DeleteCust" time="0.008" classname="org.testNgEx1.PriorityEx2"/>
  <testcase name="deleteCust" time="0.007" classname="org.testNgEx1.PriorityEx2"/>
  <testcase name="logout" time="0.006" classname="org.testNgEx1.PriorityEx2"/>
</testsuite> <!-- org.testNgEx1.PriorityEx2 -->
