<?xml version="1.0" encoding="UTF-8"?>
<!-- Generated by org.testng.reporters.JUnitReportReporter -->
<testsuite skipped="0" hostname="KiLLeR-PC" name="org.testNgEx3.GroupingEx" tests="4" failures="0" timestamp="14 May 2022 03:56:19 GMT" time="0.074" errors="0">
  <testcase name="test5" time="0.014" classname="org.testNgEx3.GroupingEx"/>
  <testcase name="test7" time="0.014" classname="org.testNgEx3.GroupingEx"/>
  <testcase name="test3" time="0.039" classname="org.testNgEx3.GroupingEx"/>
  <testcase name="test6" time="0.007" classname="org.testNgEx3.GroupingEx"/>
</testsuite> <!-- org.testNgEx3.GroupingEx -->
