<?xml version="1.0" encoding="UTF-8"?>
<!-- Generated by org.testng.reporters.JUnitReportReporter -->
<testsuite skipped="0" hostname="KiLLeR-PC" name="org.testNgEx2.AccountManager1" tests="3" failures="0" timestamp="14 May 2022 02:13:09 GMT" time="0.022" errors="0">
  <testcase name="createAccount" time="0.017" classname="org.testNgEx2.AccountManager1"/>
  <testcase name="updateAccount" time="0.003" classname="org.testNgEx2.AccountManager1"/>
  <testcase name="deleteAccount" time="0.002" classname="org.testNgEx2.AccountManager1"/>
</testsuite> <!-- org.testNgEx2.AccountManager1 -->
