<?xml version="1.0" encoding="UTF-8"?>
<!-- Generated by org.testng.reporters.JUnitReportReporter -->
<testsuite skipped="0" hostname="KiLLeR-PC" name="org.testNgEx2.ParallelEx" tests="2" failures="0" timestamp="14 May 2022 04:42:38 GMT" time="353.017" errors="0">
  <testcase name="createCustomerCH" time="166.622" classname="org.testNgEx2.ParallelEx"/>
  <testcase name="createCustomerEdge" time="186.395" classname="org.testNgEx2.ParallelEx"/>
</testsuite> <!-- org.testNgEx2.ParallelEx -->
