<?xml version="1.0" encoding="UTF-8"?>
<!-- Generated by org.testng.reporters.JUnitReportReporter -->
<testsuite skipped="0" hostname="KiLLeR-PC" name="org.testNgEx3.GroupingEx" tests="4" failures="0" timestamp="2022-05-21T09:36:45 IST" time="0.002" errors="0">
  <testcase name="test6" time="0.000" classname="org.testNgEx3.GroupingEx"/>
  <system-out/>
  <testcase name="test3" time="0.000" classname="org.testNgEx3.GroupingEx"/>
  <system-out/>
  <testcase name="test5" time="0.001" classname="org.testNgEx3.GroupingEx"/>
  <system-out/>
  <testcase name="test7" time="0.001" classname="org.testNgEx3.GroupingEx"/>
  <system-out/>
</testsuite> <!-- org.testNgEx3.GroupingEx -->
