<?xml version="1.0" encoding="UTF-8"?>
<!-- Generated by org.testng.reporters.JUnitReportReporter -->
<testsuite skipped="0" hostname="KiLLeR-PC" name="org.pomTestCases.LoginTestCase" tests="2" failures="0" timestamp="2022-05-21T09:36:45 IST" time="44.333" errors="0">
  <testcase name="login" time="18.870" classname="org.pomTestCases.LoginTestCase"/>
  <system-out/>
  <testcase name="verifyLoginPage" time="25.463" classname="org.pomTestCases.LoginTestCase"/>
  <system-out/>
</testsuite> <!-- org.pomTestCases.LoginTestCase -->
